[driver] argv: ['--tifxyz-path', '/root/seed_segment', '--volume-path', 'https://dl.ash2txt.org/full-scrolls/Scroll3/PHerc332.volpkg/volumes_zarr_standardized/53keV_7.91um_Scroll3.zarr', '--checkpoint-path', '/root/ckpt/copy_displacement_latest.pth', '--device', 'cuda', '--volume-scale', '0', '--crop-size', '128', '384', '384', '--batch-size', '1', '--crop-input-workers', '4', '--bbox-band-workers', '4', '--out-dir', '/root/out_native', '--verbose']
loading checkpoint /root/ckpt/copy_displacement_latest.pth... 
model_config is empty; using default configuration
Using dimensionality (3D) from ConfigManager
Using 3D convolutions (nn.Conv3d)
Using 3D normalization (nn.InstanceNorm3d)
--- Full autoconfiguration from config ---
Patch size adjusted from (128, 384, 384) to (128, 384, 384) to ensure divisibility by pooling factors [32 64 64]
Task 'displacement' configured with shared decoder + head (6 channels)
NetworkFromConfig initialized with final configuration:
  model_name: neural_tracing
  basic_encoder_block: BasicBlockD
  basic_decoder_block: ConvBlock
  bottleneck_block: BasicBlockD
  features_per_stage: [32, 64, 128, 256, 320, 320, 320]
  num_stages: 7
  n_blocks_per_stage: [1, 3, 4, 6, 6, 6, 6]
  n_conv_per_stage_decoder: [1, 1, 1, 1, 1, 1]
  kernel_sizes: [[3, 3, 3], [3, 3, 3], [3, 3, 3], [3, 3, 3], [3, 3, 3], [3, 3, 3], [3, 3, 3]]
  pool_op_kernel_sizes: [[1, 1, 1], [2, 2, 2], [2, 2, 2], [2, 2, 2], [2, 2, 2], [2, 2, 2], [1, 2, 2]]
  conv_op: Conv3d
  conv_bias: True
  norm_op: InstanceNorm3d
  norm_op_kwargs: {'affine': True, 'eps': 1e-05}
  dropout_op: None
  dropout_op_kwargs: None
  nonlin: LeakyReLU
  nonlin_kwargs: {'inplace': True, 'negative_slope': 0.01}
  strides: [[1, 1, 1], [2, 2, 2], [2, 2, 2], [2, 2, 2], [2, 2, 2], [2, 2, 2], [1, 2, 2]]
  return_skips: True
  do_stem: True
  stem_channels: 32
  bottleneck_channels: None
  stochastic_depth_p: 0.0
  squeeze_excitation: False
  squeeze_excitation_reduction_ratio: 0.0625
  squeeze_excitation_type: channel
  squeeze_excitation_add_maxpool: False
  pool_type: conv
  op_dims: 3
  patch_size: (128, 384, 384)
  batch_size: 1
  in_channels: 8
  autoconfigure: True
  targets: {'displacement': {'out_channels': 6, 'activation': 'none'}}
  separate_decoders: False
  num_pool_per_axis: [5, 6, 6]
  must_be_divisible_by: [32 64 64]
resolved volume level shape=(9778, 3550, 3400) volume_scale=0
[iteration 1/1] input=/root/seed_segment
input lattice world bounds after retarget: retarget_factor=1 z=[7025.581,7240.357] y=[2626.669,2798.543] x=[2669.339,2816.084]
generated bboxes (retargeted coords): 2
triplet_batches:   0%|          | 0/2 [00:00<?, ?batch/s]batch 1/2: processed 1 bbox crops
triplet_batches:  50%|█████     | 1/2 [01:20<01:20, 80.30s/batch]batch 2/2: processed 1 bbox crops
triplet_batches: 100%|██████████| 2/2 [02:24<00:00, 70.93s/batch]triplet_batches: 100%|██████████| 2/2 [02:24<00:00, 72.33s/batch]
processed bbox crops with points: 2/2
[driver] run() completed in 155.6s, peak RSS 0.00 GB
[driver] outputs: {'back': '/root/out_native/seed_segment_back', 'front': '/root/out_native/seed_segment_front'}
